<?xml version="1.0" encoding="UTF-8"?>
<testsuite name="EurControllerTests" tests="4" skipped="0" failures="0" errors="0" timestamp="2024-08-15T06:26:13" hostname="Matthews-MacBook-Pro.local" time="0.003">
  <properties/>
  <testcase name="testCutomzHole()" classname="EurControllerTests" time="0.001"/>
  <testcase name="testTooShortInputEuro()" classname="EurControllerTests" time="0.001"/>
  <testcase name="testTooShortInput()" classname="EurControllerTests" time="0.001"/>
  <testcase name="testEurConstructor()" classname="EurControllerTests" time="0.0"/>
  <system-out><![CDATA[Incorrect number of digits. Please enter 4 integers and try again.
Please enter a valid integer for To Row:
]]></system-out>
  <system-err><![CDATA[]]></system-err>
</testsuite>
