<?xml version="1.0" encoding="UTF-8"?>
<testsuite name="ModelTests" tests="13" skipped="0" failures="0" errors="0" timestamp="2024-08-15T06:26:13" hostname="Matthews-MacBook-Pro.local" time="0.01">
  <properties/>
  <testcase name="testGetScore()" classname="ModelTests" time="0.0"/>
  <testcase name="testConstructorWithAllParams()" classname="ModelTests" time="0.0"/>
  <testcase name="testConstructorWithArmThickness()" classname="ModelTests" time="0.0"/>
  <testcase name="testMove()" classname="ModelTests" time="0.0"/>
  <testcase name="testGetBoardSize()" classname="ModelTests" time="0.0"/>
  <testcase name="testInvalidConstructorsEuropean()" classname="ModelTests" time="0.002"/>
  <testcase name="testInvalidConstructorsEnglish()" classname="ModelTests" time="0.0"/>
  <testcase name="testIsGameOver()" classname="ModelTests" time="0.0"/>
  <testcase name="testGetSlotAt()" classname="ModelTests" time="0.0"/>
  <testcase name="testInvalidConstructorsTriangle()" classname="ModelTests" time="0.0"/>
  <testcase name="testConstructorWithEmptyPosition()" classname="ModelTests" time="0.0"/>
  <testcase name="testInvalidMoves()" classname="ModelTests" time="0.0"/>
  <testcase name="testDefaultConstructor()" classname="ModelTests" time="0.0"/>
  <system-out><![CDATA[]]></system-out>
  <system-err><![CDATA[]]></system-err>
</testsuite>
